src/enrichment/scrapers/simple_base_client.py:22: error: Function is missing a return type annotation  [no-untyped-def]
src/enrichment/scrapers/simple_base_client.py:22: note: Use "-> None" if function does not return a value
src/enrichment/scrapers/simple_base_client.py:26: error: Function is missing a return type annotation  [no-untyped-def]
src/enrichment/scrapers/simple_base_client.py:26: note: Use "-> None" if function does not return a value
src/enrichment/scrapers/simple_base_client.py:37: error: Function is missing a return type annotation  [no-untyped-def]
src/enrichment/scrapers/simple_base_client.py:45: error: Function is missing a return type annotation  [no-untyped-def]
src/enrichment/scrapers/simple_base_client.py:45: note: Use "-> None" if function does not return a value
src/enrichment/scrapers/simple_base_client.py:52: error: Function is missing a return type annotation  [no-untyped-def]
src/enrichment/scrapers/simple_base_client.py:56: error: Function is missing a return type annotation  [no-untyped-def]
src/enrichment/scrapers/simple_base_client.py:56: note: Use "-> None" if function does not return a value
src/enrichment/scrapers/simple_base_client.py:96: error: Call to untyped function "SimpleCacheManager" in typed context  [no-untyped-call]
src/enrichment/programmatic/id_extractor.py:32: error: Missing type parameters for generic type "Dict"  [type-arg]
src/enrichment/programmatic/id_extractor.py:96: error: Missing type parameters for generic type "Dict"  [type-arg]
src/enrichment/programmatic/episode_processor.py:33: error: Missing type parameters for generic type "Dict"  [type-arg]
src/enrichment/programmatic/episode_processor.py:62: error: Missing type parameters for generic type "Dict"  [type-arg]
src/enrichment/programmatic/episode_processor.py:87: error: Incompatible return value type (got "dict[str, Any] | None", expected "dict[Any, Any]")  [return-value]
src/enrichment/programmatic/episode_processor.py:89: error: Missing type parameters for generic type "Dict"  [type-arg]
src/enrichment/programmatic/episode_processor.py:128: error: Missing type parameters for generic type "Dict"  [type-arg]
src/enrichment/programmatic/episode_processor.py:154: error: Missing type parameters for generic type "Dict"  [type-arg]
src/enrichment/programmatic/episode_processor.py:184: error: Missing type parameters for generic type "Dict"  [type-arg]
src/enrichment/programmatic/episode_processor.py:186: error: Missing type parameters for generic type "Dict"  [type-arg]
src/enrichment/programmatic/episode_processor.py:208: error: Missing type parameters for generic type "Dict"  [type-arg]
src/vector/anime_field_mapper.py:60: error: Incompatible types in assignment (expression has type "list[str]", target has type "str")  [assignment]
src/vector/anime_field_mapper.py:61: error: Incompatible types in assignment (expression has type "list[str]", target has type "str")  [assignment]
src/vector/anime_field_mapper.py:180: error: Need type annotation for "staff_info" (hint: "staff_info: list[<type>] = ...")  [var-annotated]
src/enrichment/api_helpers/jikan_helper.py:40: error: Function is missing a return type annotation  [no-untyped-def]
src/enrichment/api_helpers/jikan_helper.py:40: note: Use "-> None" if function does not return a value
src/enrichment/api_helpers/jikan_helper.py:66: error: Call to untyped function "respect_rate_limits" in typed context  [no-untyped-call]
src/enrichment/api_helpers/jikan_helper.py:106: error: Call to untyped function "respect_rate_limits" in typed context  [no-untyped-call]
src/enrichment/api_helpers/jikan_helper.py:160: error: Function is missing a return type annotation  [no-untyped-def]
src/enrichment/api_helpers/jikan_helper.py:275: error: Function is missing a return type annotation  [no-untyped-def]
src/enrichment/api_helpers/jikan_helper.py:275: note: Use "-> None" if function does not return a value
src/enrichment/api_helpers/jikan_helper.py:299: error: Call to untyped function "main" in typed context  [no-untyped-call]
src/enrichment/api_helpers/animeschedule_fetcher.py:13: error: Function is missing a type annotation  [no-untyped-def]
src/enrichment/api_helpers/animeschedule_fetcher.py:55: error: Call to untyped function "fetch_animeschedule_data" in typed context  [no-untyped-call]
src/enrichment/programmatic/assembly.py:31: error: Cannot assign to a type  [misc]
src/enrichment/programmatic/assembly.py:31: error: Incompatible types in assignment (expression has type "None", variable has type "type[AnimeEntry]")  [assignment]
src/enrichment/programmatic/assembly.py:31: error: Incompatible types in assignment (expression has type "None", variable has type "type[EnrichmentMetadata]")  [assignment]
src/enrichment/programmatic/assembly.py:31: error: Incompatible types in assignment (expression has type "None", variable has type "type[EnrichmentValidator]")  [assignment]
src/enrichment/programmatic/assembly.py:32: error: Cannot assign multiple types to name "ValidationError" without an explicit "type[...]" annotation  [misc]
src/enrichment/programmatic/assembly.py:32: error: Incompatible types in assignment (expression has type "type[Exception]", variable has type "type[ValidationError]")  [assignment]
src/enrichment/programmatic/assembly.py:79: error: Function is missing a return type annotation  [no-untyped-def]
src/enrichment/programmatic/assembly.py:79: note: Use "-> None" if function does not return a value
src/enrichment/programmatic/assembly.py:420: error: Function "EnrichmentValidator" could always be true in boolean context  [truthy-function]
src/enrichment/programmatic/assembly.py:425: error: Call to untyped function "EnrichmentValidator" in typed context  [no-untyped-call]
src/enrichment/programmatic/assembly.py:511: error: Function "EnrichmentValidator" could always be true in boolean context  [truthy-function]
src/enrichment/programmatic/assembly.py:515: error: Call to untyped function "EnrichmentValidator" in typed context  [no-untyped-call]
src/enrichment/programmatic/assembly.py:556: error: Call to untyped function "EnrichmentAssembler" in typed context  [no-untyped-call]
src/enrichment/api_helpers/anidb_udp_helper.py:27: error: Function is missing a return type annotation  [no-untyped-def]
src/enrichment/api_helpers/anidb_udp_helper.py:27: note: Use "-> None" if function does not return a value
src/enrichment/api_helpers/anidb_udp_helper.py:39: error: Function is missing a return type annotation  [no-untyped-def]
src/enrichment/api_helpers/anidb_udp_helper.py:39: note: Use "-> None" if function does not return a value
src/enrichment/api_helpers/anidb_udp_helper.py:49: error: Incompatible types in assignment (expression has type "float", variable has type "int")  [assignment]
src/enrichment/api_helpers/anidb_udp_helper.py:53: error: Call to untyped function "_wait_for_rate_limit" in typed context  [no-untyped-call]
src/enrichment/api_helpers/anidb_udp_helper.py:195: error: Function is missing a return type annotation  [no-untyped-def]
src/enrichment/api_helpers/anidb_udp_helper.py:195: note: Use "-> None" if function does not return a value
src/enrichment/api_helpers/anidb_udp_helper.py:201: error: Function is missing a return type annotation  [no-untyped-def]
src/enrichment/api_helpers/anidb_udp_helper.py:201: note: Use "-> None" if function does not return a value
src/enrichment/api_helpers/anidb_udp_helper.py:212: error: Call to untyped function "AniDBUDPHelper" in typed context  [no-untyped-call]
src/enrichment/api_helpers/anidb_udp_helper.py:243: error: Call to untyped function "close" in typed context  [no-untyped-call]
src/enrichment/api_helpers/anidb_udp_helper.py:247: error: Call to untyped function "main" in typed context  [no-untyped-call]
src/enrichment/scrapers/base_scraper.py:9: error: Skipping analyzing "cloudscraper": module is installed, but missing library stubs or py.typed marker  [import-untyped]
src/enrichment/scrapers/base_scraper.py:18: error: Function is missing a type annotation for one or more arguments  [no-untyped-def]
src/enrichment/scrapers/base_scraper.py:31: error: Function is missing a type annotation for one or more arguments  [no-untyped-def]
src/enrichment/scrapers/base_scraper.py:55: error: "None" has no attribute "get"  [attr-defined]
src/enrichment/scrapers/base_scraper.py:82: error: Function is missing a type annotation for one or more arguments  [no-untyped-def]
src/enrichment/scrapers/base_scraper.py:97: error: Missing type parameters for generic type "Dict"  [type-arg]
src/enrichment/scrapers/base_scraper.py:102: error: Item "PageElement" of "PageElement | Tag | NavigableString" has no attribute "string"  [union-attr]
src/enrichment/scrapers/base_scraper.py:106: error: Item "PageElement" of "PageElement | Tag | NavigableString" has no attribute "string"  [union-attr]
src/enrichment/scrapers/base_scraper.py:143: error: Item "PageElement" of "PageElement | Tag | NavigableString" has no attribute "get"  [union-attr]
src/enrichment/scrapers/base_scraper.py:143: error: Item "NavigableString" of "PageElement | Tag | NavigableString" has no attribute "get"  [union-attr]
src/enrichment/scrapers/base_scraper.py:143: error: Item "AttributeValueList" of "Any | str | AttributeValueList | None" has no attribute "replace"  [union-attr]
src/enrichment/scrapers/base_scraper.py:143: error: Item "None" of "Any | str | AttributeValueList | None" has no attribute "replace"  [union-attr]
src/enrichment/scrapers/base_scraper.py:144: error: Item "PageElement" of "PageElement | Tag | NavigableString" has no attribute "get"  [union-attr]
src/enrichment/scrapers/base_scraper.py:144: error: Item "NavigableString" of "PageElement | Tag | NavigableString" has no attribute "get"  [union-attr]
src/enrichment/scrapers/base_scraper.py:148: error: Incompatible return value type (got "dict[Any | str, Any | str | AttributeValueList]", expected "dict[str, str]")  [return-value]
src/enrichment/scrapers/base_scraper.py:158: error: "PageElement" has no attribute "get"  [attr-defined]
src/enrichment/scrapers/base_scraper.py:159: error: "PageElement" has no attribute "get"  [attr-defined]
src/enrichment/scrapers/base_scraper.py:197: error: "PageElement" has no attribute "get"  [attr-defined]
src/enrichment/scrapers/base_scraper.py:202: error: Incompatible types in assignment (expression has type "dict[Any, Any]", target has type "str | None")  [assignment]
src/enrichment/scrapers/base_scraper.py:207: error: Incompatible types in assignment (expression has type "dict[str, str]", target has type "str | None")  [assignment]
src/enrichment/scrapers/base_scraper.py:211: error: Function is missing a return type annotation  [no-untyped-def]
src/enrichment/scrapers/base_scraper.py:211: note: Use "-> None" if function does not return a value
src/enrichment/api_helpers/simkl_url_helper.py:28: error: Skipping analyzing "cloudscraper": module is installed, but missing library stubs or py.typed marker  [import-untyped]
src/enrichment/api_helpers/simkl_url_helper.py:28: note: See https://mypy.readthedocs.io/en/stable/running_mypy.html#missing-imports
src/enrichment/api_helpers/simkl_url_helper.py:133: error: "PageElement" has no attribute "get"  [attr-defined]
src/enrichment/api_helpers/simkl_url_helper.py:134: error: Value of type "PageElement" is not indexable  [index]
src/enrichment/api_helpers/simkl_url_helper.py:161: error: "PageElement" has no attribute "string"  [attr-defined]
src/enrichment/api_helpers/simkl_url_helper.py:165: error: Returning Any from function declared to return "str | None"  [no-any-return]
src/enrichment/api_helpers/simkl_url_helper.py:182: error: "PageElement" has no attribute "get"  [attr-defined]
src/enrichment/api_helpers/simkl_url_helper.py:183: error: Value of type "PageElement" is not indexable  [index]
src/enrichment/api_helpers/anisearch_url_helper.py:119: error: "PageElement" has no attribute "get"  [attr-defined]
src/enrichment/api_helpers/anisearch_url_helper.py:120: error: Value of type "PageElement" is not indexable  [index]
src/enrichment/api_helpers/anisearch_url_helper.py:140: error: "PageElement" has no attribute "string"  [attr-defined]
src/enrichment/api_helpers/anisearch_url_helper.py:144: error: Returning Any from function declared to return "str | None"  [no-any-return]
src/enrichment/api_helpers/anisearch_url_helper.py:161: error: "PageElement" has no attribute "get"  [attr-defined]
src/enrichment/api_helpers/anisearch_url_helper.py:162: error: Value of type "PageElement" is not indexable  [index]
src/enrichment/api_helpers/anisearch_url_helper.py:165: error: "PageElement" has no attribute "get"  [attr-defined]
src/enrichment/api_helpers/anisearch_url_helper.py:166: error: Value of type "PageElement" is not indexable  [index]
src/enrichment/api_helpers/anisearch_url_helper.py:173: error: "PageElement" has no attribute "string"  [attr-defined]
src/enrichment/api_helpers/anisearch_url_helper.py:204: error: Item "PageElement" of "PageElement | Tag | NavigableString" has no attribute "find_all"  [union-attr]
src/enrichment/api_helpers/anisearch_url_helper.py:204: error: Item "NavigableString" of "PageElement | Tag | NavigableString" has no attribute "find_all"  [union-attr]
src/enrichment/scrapers/anime_planet_scraper.py:13: error: Function is missing a type annotation  [no-untyped-def]
src/enrichment/scrapers/anime_planet_scraper.py:26: error: Returning Any from function declared to return "dict[str, Any] | None"  [no-any-return]
src/enrichment/scrapers/anime_planet_scraper.py:84: error: Function is missing a type annotation for one or more arguments  [no-untyped-def]
src/enrichment/scrapers/anime_planet_scraper.py:96: error: Function is missing a type annotation for one or more arguments  [no-untyped-def]
src/enrichment/scrapers/anime_planet_scraper.py:118: error: Function is missing a type annotation for one or more arguments  [no-untyped-def]
src/enrichment/scrapers/anime_planet_scraper.py:161: error: Function is missing a type annotation for one or more arguments  [no-untyped-def]
src/enrichment/scrapers/anime_planet_scraper.py:194: error: Function is missing a type annotation for one or more arguments  [no-untyped-def]
src/enrichment/scrapers/anime_planet_scraper.py:218: error: Function is missing a type annotation for one or more arguments  [no-untyped-def]
src/enrichment/scrapers/anime_planet_scraper.py:245: error: Function is missing a type annotation for one or more arguments  [no-untyped-def]
src/enrichment/scrapers/anime_planet_scraper.py:311: error: Function is missing a type annotation for one or more arguments  [no-untyped-def]
src/enrichment/scrapers/anime_planet_scraper.py:356: error: "PageElement" has no attribute "find_all"; maybe "_find_all" or "find_all_next"?  [attr-defined]
src/enrichment/scrapers/anime_planet_scraper.py:367: error: Incompatible types in assignment (expression has type "int", target has type "str")  [assignment]
src/enrichment/scrapers/anime_planet_scraper.py:372: error: Incompatible types in assignment (expression has type "int", target has type "str")  [assignment]
src/enrichment/scrapers/anime_planet_scraper.py:379: error: Incompatible types in assignment (expression has type "float", target has type "str")  [assignment]
src/enrichment/scrapers/anime_planet_scraper.py:386: error: Incompatible types in assignment (expression has type "list[Never]", target has type "str")  [assignment]
src/enrichment/scrapers/anime_planet_scraper.py:387: error: "str" has no attribute "append"  [attr-defined]
src/enrichment/scrapers/anime_planet_scraper.py:400: error: "PageElement" has no attribute "find_all"; maybe "_find_all" or "find_all_next"?  [attr-defined]
src/enrichment/scrapers/anime_planet_scraper.py:404: error: Incompatible types in assignment (expression has type "list[str]", target has type "str")  [assignment]
src/enrichment/scrapers/anime_planet_scraper.py:411: error: Function is missing a type annotation for one or more arguments  [no-untyped-def]
src/enrichment/scrapers/anime_planet_scraper.py:436: error: Function is missing a type annotation for one or more arguments  [no-untyped-def]
src/enrichment/scrapers/anime_planet_scraper.py:467: error: Function is missing a type annotation for one or more arguments  [no-untyped-def]
src/enrichment/scrapers/anime_planet_scraper.py:469: error: Need type annotation for "data" (hint: "data: dict[<type>, <type>] = ...")  [var-annotated]
src/enrichment/scrapers/anime_planet_scraper.py:485: error: Function is missing a type annotation for one or more arguments  [no-untyped-def]
src/enrichment/scrapers/anime_planet_scraper.py:515: error: Function is missing a type annotation for one or more arguments  [no-untyped-def]
src/enrichment/scrapers/anime_planet_scraper.py:579: error: Function is missing a type annotation for one or more arguments  [no-untyped-def]
src/enrichment/scrapers/anime_planet_scraper.py:618: error: Function is missing a type annotation for one or more arguments  [no-untyped-def]
src/enrichment/scrapers/anime_planet_scraper.py:696: error: Incompatible types in assignment (expression has type "list[str]", target has type "str")  [assignment]
src/enrichment/scrapers/anime_planet_scraper.py:722: error: Function is missing a type annotation for one or more arguments  [no-untyped-def]
src/enrichment/scrapers/anime_planet_scraper.py:765: error: Function is missing a type annotation for one or more arguments  [no-untyped-def]
src/enrichment/scrapers/anime_planet_scraper.py:784: error: Incompatible types in assignment (expression has type "str", target has type "int")  [assignment]
src/enrichment/scrapers/anime_planet_scraper.py:788: error: Incompatible types in assignment (expression has type "str", target has type "int")  [assignment]
src/enrichment/scrapers/anime_planet_scraper.py:797: error: Incompatible types in assignment (expression has type "str", target has type "int")  [assignment]
src/enrichment/scrapers/anime_planet_scraper.py:799: error: Incompatible types in assignment (expression has type "str", target has type "int")  [assignment]
src/enrichment/scrapers/anime_planet_scraper.py:801: error: Incompatible types in assignment (expression has type "str", target has type "int")  [assignment]
src/enrichment/scrapers/anime_planet_scraper.py:803: error: Incompatible types in assignment (expression has type "str", target has type "int")  [assignment]
src/enrichment/scrapers/anime_planet_scraper.py:832: error: Function is missing a type annotation for one or more arguments  [no-untyped-def]
src/enrichment/scrapers/anime_planet_scraper.py:834: error: Need type annotation for "related_data" (hint: "related_data: dict[<type>, <type>] = ...")  [var-annotated]
src/enrichment/scrapers/anime_planet_scraper.py:942: error: Incompatible types in assignment (expression has type "int", target has type "list[dict[str, str | Any]]")  [assignment]
src/enrichment/programmatic/config.py:64: error: Function is missing a type annotation  [no-untyped-def]
src/enrichment/programmatic/config.py:70: error: Function is missing a type annotation  [no-untyped-def]
src/enrichment/programmatic/config.py:76: error: Function is missing a type annotation  [no-untyped-def]
src/enrichment/programmatic/config.py:85: error: Function is missing a return type annotation  [no-untyped-def]
src/enrichment/programmatic/config.py:85: note: Use "-> None" if function does not return a value
src/config/settings.py:13: error: Extra keys ("env_file", "env_file_encoding", "case_sensitive") for TypedDict "ConfigDict"  [typeddict-unknown-key]
src/config/settings.py:13: error: Incompatible types in assignment (expression has type "ConfigDict", base class "BaseSettings" defined the type as "SettingsConfigDict")  [assignment]
src/config/settings.py:65: error: Missing type parameters for generic type "dict"  [type-arg]
src/config/settings.py:86: error: Missing type parameters for generic type "dict"  [type-arg]
src/config/settings.py:161: error: Missing type parameters for generic type "dict"  [type-arg]
src/config/settings.py:196: error: Missing type parameters for generic type "dict"  [type-arg]
src/enrichment/api_helpers/kitsu_helper.py:21: error: Function is missing a return type annotation  [no-untyped-def]
src/enrichment/api_helpers/kitsu_helper.py:21: note: Use "-> None" if function does not return a value
src/enrichment/api_helpers/kitsu_helper.py:38: error: Returning Any from function declared to return "dict[str, Any]"  [no-any-return]
src/enrichment/api_helpers/kitsu_helper.py:136: error: Function is missing a return type annotation  [no-untyped-def]
src/enrichment/api_helpers/kitsu_helper.py:136: note: Use "-> None" if function does not return a value
src/enrichment/api_helpers/kitsu_helper.py:144: error: Call to untyped function "KitsuEnrichmentHelper" in typed context  [no-untyped-call]
src/enrichment/api_helpers/kitsu_helper.py:156: error: Call to untyped function "main" in typed context  [no-untyped-call]
src/enrichment/api_helpers/animeplanet_helper.py:28: error: Function is missing a return type annotation  [no-untyped-def]
src/enrichment/api_helpers/animeplanet_helper.py:28: note: Use "-> None" if function does not return a value
src/enrichment/api_helpers/animeplanet_helper.py:30: error: Call to untyped function "AnimePlanetScraper" in typed context  [no-untyped-call]
src/enrichment/api_helpers/animeplanet_helper.py:50: error: Returning Any from function declared to return "str | None"  [no-any-return]
src/enrichment/api_helpers/animeplanet_helper.py:112: error: Function is missing a return type annotation  [no-untyped-def]
src/enrichment/api_helpers/animeplanet_helper.py:112: note: Use "-> None" if function does not return a value
src/enrichment/api_helpers/animeplanet_helper.py:114: error: Call to untyped function "close" in typed context  [no-untyped-call]
src/enrichment/api_helpers/animeplanet_helper.py:116: error: Function is missing a return type annotation  [no-untyped-def]
src/enrichment/api_helpers/animeplanet_helper.py:116: note: Use "-> None" if function does not return a value
src/enrichment/api_helpers/animeplanet_helper.py:124: error: Call to untyped function "AnimePlanetEnrichmentHelper" in typed context  [no-untyped-call]
src/enrichment/api_helpers/animeplanet_helper.py:126: error: Call to untyped function "close" in typed context  [no-untyped-call]
src/enrichment/api_helpers/animeplanet_helper.py:137: error: Call to untyped function "main" in typed context  [no-untyped-call]
src/enrichment/api_helpers/anilist_helper.py:21: error: Function is missing a return type annotation  [no-untyped-def]
src/enrichment/api_helpers/anilist_helper.py:21: note: Use "-> None" if function does not return a value
src/enrichment/api_helpers/anilist_helper.py:61: error: Returning Any from function declared to return "dict[str, Any]"  [no-any-return]
src/enrichment/api_helpers/anilist_helper.py:288: error: Function is missing a return type annotation  [no-untyped-def]
src/enrichment/api_helpers/anilist_helper.py:288: note: Use "-> None" if function does not return a value
src/enrichment/api_helpers/anilist_helper.py:292: error: Function is missing a return type annotation  [no-untyped-def]
src/enrichment/api_helpers/anilist_helper.py:292: note: Use "-> None" if function does not return a value
src/enrichment/api_helpers/anilist_helper.py:301: error: Call to untyped function "AniListEnrichmentHelper" in typed context  [no-untyped-call]
src/enrichment/api_helpers/anilist_helper.py:316: error: Call to untyped function "close" in typed context  [no-untyped-call]
src/enrichment/api_helpers/anilist_helper.py:319: error: Call to untyped function "main" in typed context  [no-untyped-call]
src/enrichment/api_helpers/anidb_helper.py:64: error: Incompatible default for argument "client_name" (default has type "None", argument has type "str")  [assignment]
src/enrichment/api_helpers/anidb_helper.py:64: note: PEP 484 prohibits implicit Optional. Accordingly, mypy has changed its default to no_implicit_optional=True
src/enrichment/api_helpers/anidb_helper.py:64: note: Use https://github.com/hauntsaninja/no_implicit_optional to automatically upgrade your codebase
src/enrichment/api_helpers/anidb_helper.py:64: error: Incompatible default for argument "client_version" (default has type "None", argument has type "str")  [assignment]
src/enrichment/api_helpers/anidb_helper.py:122: error: Function is missing a return type annotation  [no-untyped-def]
src/enrichment/api_helpers/anidb_helper.py:135: error: Incompatible types in assignment (expression has type "float", variable has type "int")  [assignment]
src/enrichment/api_helpers/anidb_helper.py:138: error: Function is missing a return type annotation  [no-untyped-def]
src/enrichment/api_helpers/anidb_helper.py:163: error: Function is missing a return type annotation  [no-untyped-def]
src/enrichment/api_helpers/anidb_helper.py:163: note: Use "-> None" if function does not return a value
src/enrichment/api_helpers/anidb_helper.py:193: error: Incompatible types in assignment (expression has type "ClientSession", variable has type "None")  [assignment]
src/enrichment/api_helpers/anidb_helper.py:199: error: Incompatible types in assignment (expression has type "float", variable has type "int")  [assignment]
src/enrichment/api_helpers/anidb_helper.py:234: error: Call to untyped function "_ensure_session_health" in typed context  [no-untyped-call]
src/enrichment/api_helpers/anidb_helper.py:291: error: "None" has no attribute "get"  [attr-defined]
src/enrichment/api_helpers/anidb_helper.py:314: error: Unsupported right operand type for in ("str | None")  [operator]
src/enrichment/api_helpers/anidb_helper.py:315: error: Value of type "str | None" is not indexable  [index]
src/enrichment/api_helpers/anidb_helper.py:331: error: Incompatible types in assignment (expression has type "float", variable has type "int")  [assignment]
src/enrichment/api_helpers/anidb_helper.py:370: error: Item "None" of "Element[str] | None" has no attribute "text"  [union-attr]
src/enrichment/api_helpers/anidb_helper.py:371: error: Item "None" of "Element[str] | None" has no attribute "text"  [union-attr]
src/enrichment/api_helpers/anidb_helper.py:372: error: Item "None" of "Element[str] | None" has no attribute "text"  [union-attr]
src/enrichment/api_helpers/anidb_helper.py:373: error: Item "None" of "Element[str] | None" has no attribute "text"  [union-attr]
src/enrichment/api_helpers/anidb_helper.py:374: error: Item "None" of "Element[str] | None" has no attribute "text"  [union-attr]
src/enrichment/api_helpers/anidb_helper.py:375: error: Item "None" of "Element[str] | None" has no attribute "text"  [union-attr]
src/enrichment/api_helpers/anidb_helper.py:376: error: Item "None" of "Element[str] | None" has no attribute "text"  [union-attr]
src/enrichment/api_helpers/anidb_helper.py:396: error: Incompatible types in assignment (expression has type "list[Never]", target has type "str | None")  [assignment]
src/enrichment/api_helpers/anidb_helper.py:397: error: Item "str" of "str | None" has no attribute "append"  [union-attr]
src/enrichment/api_helpers/anidb_helper.py:397: error: Item "None" of "str | None" has no attribute "append"  [union-attr]
src/enrichment/api_helpers/anidb_helper.py:503: error: Incompatible types in assignment (expression has type "float | None", target has type "str | None")  [assignment]
src/enrichment/api_helpers/anidb_helper.py:504: error: Incompatible types in assignment (expression has type "int", target has type "str | None")  [assignment]
src/enrichment/api_helpers/anidb_helper.py:514: error: Incompatible types in assignment (expression has type "dict[str, str | None]", target has type "str | None")  [assignment]
src/enrichment/api_helpers/anidb_helper.py:537: error: Item "None" of "Element[str] | None" has no attribute "text"  [union-attr]
src/enrichment/api_helpers/anidb_helper.py:538: error: Item "None" of "Element[str] | None" has no attribute "text"  [union-attr]
src/enrichment/api_helpers/anidb_helper.py:538: error: Argument 1 to "int" has incompatible type "str | Any | None"; expected "str | Buffer | SupportsInt | SupportsIndex | SupportsTrunc"  [arg-type]
src/enrichment/api_helpers/anidb_helper.py:539: error: Item "None" of "Element[str] | None" has no attribute "text"  [union-attr]
src/enrichment/api_helpers/anidb_helper.py:540: error: Item "None" of "Element[str] | None" has no attribute "text"  [union-attr]
src/enrichment/api_helpers/anidb_helper.py:540: error: Argument 1 to "float" has incompatible type "str | Any | None"; expected "str | Buffer | SupportsFloat | SupportsIndex"  [arg-type]
src/enrichment/api_helpers/anidb_helper.py:541: error: Item "None" of "Element[str] | None" has no attribute "text"  [union-attr]
src/enrichment/api_helpers/anidb_helper.py:541: error: Argument 1 to "int" has incompatible type "str | Any | None"; expected "str | Buffer | SupportsInt | SupportsIndex | SupportsTrunc"  [arg-type]
src/enrichment/api_helpers/anidb_helper.py:542: error: Item "None" of "Element[str] | None" has no attribute "text"  [union-attr]
src/enrichment/api_helpers/anidb_helper.py:557: error: Incompatible types in assignment (expression has type "list[Never]", target has type "str | None")  [assignment]
src/enrichment/api_helpers/anidb_helper.py:558: error: Item "str" of "str | None" has no attribute "append"  [union-attr]
src/enrichment/api_helpers/anidb_helper.py:558: error: Item "None" of "str | None" has no attribute "append"  [union-attr]
src/enrichment/api_helpers/anidb_helper.py:694: error: Function is missing a return type annotation  [no-untyped-def]
src/enrichment/api_helpers/anidb_helper.py:694: note: Use "-> None" if function does not return a value
src/enrichment/api_helpers/anidb_helper.py:707: error: Function is missing a return type annotation  [no-untyped-def]
src/enrichment/api_helpers/anidb_helper.py:707: note: Use "-> None" if function does not return a value
src/enrichment/api_helpers/anidb_helper.py:745: error: Call to untyped function "close" in typed context  [no-untyped-call]
src/enrichment/api_helpers/anidb_helper.py:749: error: Call to untyped function "main" in typed context  [no-untyped-call]
src/enrichment/programmatic/api_fetcher.py:54: error: Need type annotation for "api_timings" (hint: "api_timings: dict[<type>, <type>] = ...")  [var-annotated]
src/enrichment/programmatic/api_fetcher.py:55: error: Need type annotation for "api_errors" (hint: "api_errors: dict[<type>, <type>] = ...")  [var-annotated]
src/enrichment/programmatic/api_fetcher.py:57: error: Function is missing a return type annotation  [no-untyped-def]
src/enrichment/programmatic/api_fetcher.py:57: note: Use "-> None" if function does not return a value
src/enrichment/programmatic/api_fetcher.py:60: error: Call to untyped function "AniListEnrichmentHelper" in typed context  [no-untyped-call]
src/enrichment/programmatic/api_fetcher.py:60: error: Incompatible types in assignment (expression has type "AniListEnrichmentHelper", variable has type "None")  [assignment]
src/enrichment/programmatic/api_fetcher.py:62: error: Call to untyped function "KitsuEnrichmentHelper" in typed context  [no-untyped-call]
src/enrichment/programmatic/api_fetcher.py:62: error: Incompatible types in assignment (expression has type "KitsuEnrichmentHelper", variable has type "None")  [assignment]
src/enrichment/programmatic/api_fetcher.py:64: error: Incompatible types in assignment (expression has type "AniDBEnrichmentHelper", variable has type "None")  [assignment]
src/enrichment/programmatic/api_fetcher.py:66: error: Call to untyped function "AnimePlanetEnrichmentHelper" in typed context  [no-untyped-call]
src/enrichment/programmatic/api_fetcher.py:66: error: Incompatible types in assignment (expression has type "AnimePlanetEnrichmentHelper", variable has type "None")  [assignment]
src/enrichment/programmatic/api_fetcher.py:71: error: Missing type parameters for generic type "Dict"  [type-arg]
src/enrichment/programmatic/api_fetcher.py:87: error: Call to untyped function "initialize_helpers" in typed context  [no-untyped-call]
src/enrichment/programmatic/api_fetcher.py:97: error: Argument 1 to "append" of "list" has incompatible type "tuple[str, Coroutine[Any, Any, dict[Any, Any] | None]]"; expected "tuple[str, Coroutine[Any, Any, dict[Any, Any]]]"  [arg-type]
src/enrichment/programmatic/api_fetcher.py:100: error: Argument 1 to "append" of "list" has incompatible type "tuple[str, Coroutine[Any, Any, dict[Any, Any] | None]]"; expected "tuple[str, Coroutine[Any, Any, dict[Any, Any]]]"  [arg-type]
src/enrichment/programmatic/api_fetcher.py:103: error: Argument 1 to "append" of "list" has incompatible type "tuple[str, Coroutine[Any, Any, dict[Any, Any] | None]]"; expected "tuple[str, Coroutine[Any, Any, dict[Any, Any]]]"  [arg-type]
src/enrichment/programmatic/api_fetcher.py:106: error: Argument 1 to "append" of "list" has incompatible type "tuple[str, Coroutine[Any, Any, dict[Any, Any] | None]]"; expected "tuple[str, Coroutine[Any, Any, dict[Any, Any]]]"  [arg-type]
src/enrichment/programmatic/api_fetcher.py:109: error: Argument 1 to "append" of "list" has incompatible type "tuple[str, Coroutine[Any, Any, dict[Any, Any] | None]]"; expected "tuple[str, Coroutine[Any, Any, dict[Any, Any]]]"  [arg-type]
src/enrichment/programmatic/api_fetcher.py:126: error: Missing type parameters for generic type "Dict"  [type-arg]
src/enrichment/programmatic/api_fetcher.py:148: error: Incompatible return value type (got "None", expected "dict[Any, Any]")  [return-value]
src/enrichment/programmatic/api_fetcher.py:217: error: Incompatible return value type (got "None", expected "dict[Any, Any]")  [return-value]
src/enrichment/programmatic/api_fetcher.py:219: error: Function is missing a type annotation for one or more arguments  [no-untyped-def]
src/enrichment/programmatic/api_fetcher.py:219: error: Missing type parameters for generic type "Dict"  [type-arg]
src/enrichment/programmatic/api_fetcher.py:249: error: Function is missing a type annotation for one or more arguments  [no-untyped-def]
src/enrichment/programmatic/api_fetcher.py:249: error: Missing type parameters for generic type "Dict"  [type-arg]
src/enrichment/programmatic/api_fetcher.py:269: error: Missing type parameters for generic type "Dict"  [type-arg]
src/enrichment/programmatic/api_fetcher.py:280: error: Returning Any from function declared to return "dict[Any, Any] | None"  [no-any-return]
src/enrichment/programmatic/api_fetcher.py:288: error: Missing type parameters for generic type "Dict"  [type-arg]
src/enrichment/programmatic/api_fetcher.py:297: error: "None" has no attribute "fetch_all_data_by_anilist_id"  [attr-defined]
src/enrichment/programmatic/api_fetcher.py:311: error: Returning Any from function declared to return "dict[Any, Any] | None"  [no-any-return]
src/enrichment/programmatic/api_fetcher.py:317: error: Missing type parameters for generic type "Dict"  [type-arg]
src/enrichment/programmatic/api_fetcher.py:326: error: "None" has no attribute "fetch_all_data"  [attr-defined]
src/enrichment/programmatic/api_fetcher.py:341: error: "None" has no attribute "fetch_all_data"  [attr-defined]
src/enrichment/programmatic/api_fetcher.py:350: error: Returning Any from function declared to return "dict[Any, Any] | None"  [no-any-return]
src/enrichment/programmatic/api_fetcher.py:356: error: Missing type parameters for generic type "Dict"  [type-arg]
src/enrichment/programmatic/api_fetcher.py:360: error: "None" has no attribute "fetch_all_data"  [attr-defined]
src/enrichment/programmatic/api_fetcher.py:362: error: Returning Any from function declared to return "dict[Any, Any] | None"  [no-any-return]
src/enrichment/programmatic/api_fetcher.py:368: error: Missing type parameters for generic type "Dict"  [type-arg]
src/enrichment/programmatic/api_fetcher.py:372: error: "None" has no attribute "fetch_all_data"  [attr-defined]
src/enrichment/programmatic/api_fetcher.py:374: error: Returning Any from function declared to return "dict[Any, Any] | None"  [no-any-return]
src/enrichment/programmatic/api_fetcher.py:380: error: Missing type parameters for generic type "Dict"  [type-arg]
src/enrichment/programmatic/api_fetcher.py:402: error: Returning Any from function declared to return "dict[Any, Any] | None"  [no-any-return]
src/enrichment/programmatic/api_fetcher.py:476: error: Function is missing a return type annotation  [no-untyped-def]
src/enrichment/programmatic/api_fetcher.py:476: error: Missing type parameters for generic type "Dict"  [type-arg]
src/enrichment/programmatic/api_fetcher.py:490: error: Function is missing a return type annotation  [no-untyped-def]
src/enrichment/programmatic/api_fetcher.py:508: error: Function is missing a return type annotation  [no-untyped-def]
src/enrichment/programmatic/api_fetcher.py:508: note: Use "-> None" if function does not return a value
src/enrichment/api_helpers/anidb_url_helper.py:82: error: Call to untyped function "close" in typed context  [no-untyped-call]
src/enrichment/api_helpers/anidb_url_helper.py:140: error: Returning Any from function declared to return "str | None"  [no-any-return]
src/enrichment/api_helpers/anidb_url_helper.py:142: error: Returning Any from function declared to return "str | None"  [no-any-return]
src/enrichment/api_helpers/anidb_url_helper.py:144: error: Returning Any from function declared to return "str | None"  [no-any-return]
src/enrichment/api_helpers/anidb_url_helper.py:146: error: Returning Any from function declared to return "str | None"  [no-any-return]
src/enrichment/api_helpers/anidb_url_helper.py:219: error: Function is missing a type annotation for one or more arguments  [no-untyped-def]
src/enrichment/api_helpers/anidb_url_helper.py:290: error: Call to untyped function "close" in typed context  [no-untyped-call]
src/enrichment/programmatic/enrichment_pipeline.py:45: error: Need type annotation for "timing_breakdown" (hint: "timing_breakdown: dict[<type>, <type>] = ...")  [var-annotated]
src/enrichment/programmatic/enrichment_pipeline.py:49: error: Call to untyped function "log_configuration" in typed context  [no-untyped-call]
src/enrichment/programmatic/enrichment_pipeline.py:51: error: Missing type parameters for generic type "Dict"  [type-arg]
src/enrichment/programmatic/enrichment_pipeline.py:132: error: Missing type parameters for generic type "Dict"  [type-arg]
src/enrichment/programmatic/enrichment_pipeline.py:149: error: Function is missing a type annotation  [no-untyped-def]
src/enrichment/programmatic/enrichment_pipeline.py:154: error: Call to untyped function "enrich_with_limit" in typed context  [no-untyped-call]
src/enrichment/programmatic/enrichment_pipeline.py:170: error: Incompatible return value type (got "list[Any | BaseException]", expected "list[dict[Any, Any]]")  [return-value]
src/enrichment/programmatic/enrichment_pipeline.py:184: error: Missing type parameters for generic type "Dict"  [type-arg]
src/enrichment/programmatic/enrichment_pipeline.py:204: error: Missing type parameters for generic type "Dict"  [type-arg]
src/enrichment/programmatic/enrichment_pipeline.py:221: error: Missing type parameters for generic type "Dict"  [type-arg]
src/enrichment/programmatic/enrichment_pipeline.py:292: error: Function is missing a return type annotation  [no-untyped-def]
src/enrichment/programmatic/enrichment_pipeline.py:292: note: Use "-> None" if function does not return a value
src/enrichment/programmatic/enrichment_pipeline.py:294: error: Call to untyped function "cleanup" in typed context  [no-untyped-call]
src/enrichment/programmatic/enrichment_pipeline.py:315: error: Function is missing a return type annotation  [no-untyped-def]
src/enrichment/programmatic/enrichment_pipeline.py:315: note: Use "-> None" if function does not return a value
src/enrichment/programmatic/enrichment_pipeline.py:356: error: Call to untyped function "cleanup" in typed context  [no-untyped-call]
src/enrichment/programmatic/enrichment_pipeline.py:362: error: Call to untyped function "main" in typed context  [no-untyped-call]
src/vector/vision_processor.py:52: error: Need type annotation for "model_info" (hint: "model_info: dict[<type>, <type>] = ...")  [var-annotated]
src/vector/vision_processor.py:66: error: Call to untyped function "_init_models" in typed context  [no-untyped-call]
src/vector/vision_processor.py:68: error: Function is missing a return type annotation  [no-untyped-def]
src/vector/vision_processor.py:68: note: Use "-> None" if function does not return a value
src/vector/vision_processor.py:72: error: Incompatible types in assignment (expression has type "dict[Any, Any]", variable has type "None")  [assignment]
src/vector/vision_processor.py:76: error: Call to untyped function "_warm_up_model" in typed context  [no-untyped-call]
src/vector/vision_processor.py:86: error: Missing type parameters for generic type "Dict"  [type-arg]
src/vector/vision_processor.py:105: error: Missing type parameters for generic type "Dict"  [type-arg]
src/vector/vision_processor.py:115: error: Skipping analyzing "clip": module is installed, but missing library stubs or py.typed marker  [import-untyped]
src/vector/vision_processor.py:146: error: Missing type parameters for generic type "Dict"  [type-arg]
src/vector/vision_processor.py:172: error: "Settings" has no attribute "siglip_input_resolution"; maybe "jinaclip_input_resolution"?  [attr-defined]
src/vector/vision_processor.py:193: error: Missing type parameters for generic type "Dict"  [type-arg]
src/vector/vision_processor.py:213: error: Call to untyped function "from_pretrained" of "AutoProcessor" in typed context  [no-untyped-call]
src/vector/vision_processor.py:263: error: Function is missing a return type annotation  [no-untyped-def]
src/vector/vision_processor.py:263: note: Use "-> None" if function does not return a value
src/vector/vision_processor.py:271: error: Argument 2 to "_encode_image_with_model" of "VisionProcessor" has incompatible type "None"; expected "dict[Any, Any]"  [arg-type]
src/vector/vision_processor.py:302: error: Argument 2 to "_encode_image_with_model" of "VisionProcessor" has incompatible type "None"; expected "dict[Any, Any]"  [arg-type]
src/vector/vision_processor.py:310: error: Missing type parameters for generic type "Dict"  [type-arg]
src/vector/vision_processor.py:345: error: Missing type parameters for generic type "Dict"  [type-arg]
src/vector/vision_processor.py:374: error: Returning Any from function declared to return "list[float] | None"  [no-any-return]
src/vector/vision_processor.py:381: error: Missing type parameters for generic type "Dict"  [type-arg]
src/vector/vision_processor.py:410: error: Returning Any from function declared to return "list[float] | None"  [no-any-return]
src/vector/vision_processor.py:417: error: Missing type parameters for generic type "Dict"  [type-arg]
src/vector/vision_processor.py:446: error: Returning Any from function declared to return "list[float] | None"  [no-any-return]
src/vector/vision_processor.py:476: error: Incompatible types in assignment (expression has type "Image", variable has type "ImageFile")  [assignment]
src/vector/vision_processor.py:498: error: "None" has no attribute "get"  [attr-defined]
src/vector/vision_processor.py:525: error: Missing type parameters for generic type "Dict"  [type-arg]
src/vector/vision_processor.py:560: error: Incompatible types in assignment (expression has type "dict[Any, Any]", variable has type "None")  [assignment]
src/vector/vision_processor.py:589: error: Incompatible types in assignment (expression has type "AnimeFieldMapper", variable has type "None")  [assignment]
src/vector/vision_processor.py:590: error: Incompatible return value type (got "None", expected "AnimeFieldMapper")  [return-value]
src/vector/vision_processor.py:592: error: Function is missing a type annotation for one or more arguments  [no-untyped-def]
src/vector/vision_processor.py:645: error: Returning Any from function declared to return "list[float] | None"  [no-any-return]
src/vector/vision_processor.py:655: error: Function is missing a type annotation for one or more arguments  [no-untyped-def]
src/vector/vision_processor.py:708: error: Returning Any from function declared to return "list[float] | None"  [no-any-return]
src/vector/vision_processor.py:775: error: Incompatible types in assignment (expression has type "Image", variable has type "ImageFile")  [assignment]
src/vector/vision_processor.py:800: error: Missing type parameters for generic type "Dict"  [type-arg]
src/vector/vision_processor.py:820: error: Missing type parameters for generic type "Dict"  [type-arg]
src/vector/genre_enhancement.py:56: error: Returning Any from function declared to return "Tensor"  [no-any-return]
src/vector/genre_enhancement.py:121: error: Returning Any from function declared to return "Tensor"  [no-any-return]
src/vector/genre_enhancement.py:217: error: Need type annotation for "genre_vocab" (hint: "genre_vocab: dict[<type>, <type>] = ...")  [var-annotated]
src/vector/genre_enhancement.py:218: error: Need type annotation for "theme_vocab" (hint: "theme_vocab: dict[<type>, <type>] = ...")  [var-annotated]
src/vector/genre_enhancement.py:219: error: Need type annotation for "target_vocab" (hint: "target_vocab: dict[<type>, <type>] = ...")  [var-annotated]
src/vector/genre_enhancement.py:220: error: Need type annotation for "mood_vocab" (hint: "mood_vocab: dict[<type>, <type>] = ...")  [var-annotated]
src/vector/genre_enhancement.py:225: error: Function is missing a return type annotation  [no-untyped-def]
src/vector/genre_enhancement.py:240: error: Incompatible types in assignment (expression has type "GenreEnhancementModel", variable has type "None")  [assignment]
src/vector/genre_enhancement.py:248: error: "None" has no attribute "to"  [attr-defined]
src/vector/genre_enhancement.py:251: error: Incompatible types in assignment (expression has type "AdamW", variable has type "None")  [assignment]
src/vector/genre_enhancement.py:252: error: "None" has no attribute "parameters"  [attr-defined]
src/vector/genre_enhancement.py:258: error: Incompatible types in assignment (expression has type "dict[str, _Loss]", variable has type "None")  [assignment]
src/vector/genre_enhancement.py:271: error: Function is missing a type annotation  [no-untyped-def]
src/vector/genre_enhancement.py:282: error: Call to untyped function "_create_auxiliary_vocabularies" in typed context  [no-untyped-call]
src/vector/genre_enhancement.py:313: error: Function is missing a type annotation  [no-untyped-def]
src/vector/genre_enhancement.py:339: error: Function is missing a type annotation for one or more arguments  [no-untyped-def]
src/vector/genre_enhancement.py:456: error: Missing type parameters for generic type "DataLoader"  [type-arg]
src/vector/genre_enhancement.py:577: error: Function is missing a return type annotation  [no-untyped-def]
src/vector/genre_enhancement.py:603: error: Function is missing a return type annotation  [no-untyped-def]
src/vector/genre_enhancement.py:626: error: Incompatible types in assignment (expression has type "GenreEnhancementModel", variable has type "None")  [assignment]
src/vector/genre_enhancement.py:634: error: "None" has no attribute "theme_classifier"  [attr-defined]
src/vector/genre_enhancement.py:635: error: "None" has no attribute "target_classifier"  [attr-defined]
src/vector/genre_enhancement.py:636: error: "None" has no attribute "mood_classifier"  [attr-defined]
src/vector/genre_enhancement.py:639: error: "None" has no attribute "load_state_dict"  [attr-defined]
src/vector/genre_enhancement.py:640: error: "None" has no attribute "to"  [attr-defined]
src/vector/genre_enhancement.py:643: error: Incompatible types in assignment (expression has type "AdamW", variable has type "None")  [assignment]
src/vector/genre_enhancement.py:644: error: "None" has no attribute "parameters"  [attr-defined]
src/vector/genre_enhancement.py:648: error: "None" has no attribute "load_state_dict"  [attr-defined]
src/vector/art_style_classifier.py:56: error: Returning Any from function declared to return "Tensor"  [no-any-return]
src/vector/art_style_classifier.py:113: error: Returning Any from function declared to return "Tensor"  [no-any-return]
src/vector/art_style_classifier.py:206: error: Need type annotation for "style_vocab" (hint: "style_vocab: dict[<type>, <type>] = ...")  [var-annotated]
src/vector/art_style_classifier.py:207: error: Need type annotation for "studio_vocab" (hint: "studio_vocab: dict[<type>, <type>] = ...")  [var-annotated]
src/vector/art_style_classifier.py:208: error: Need type annotation for "era_vocab" (hint: "era_vocab: dict[<type>, <type>] = ...")  [var-annotated]
src/vector/art_style_classifier.py:213: error: Function is missing a return type annotation  [no-untyped-def]
src/vector/art_style_classifier.py:228: error: Incompatible types in assignment (expression has type "ArtStyleClassifierModel", variable has type "None")  [assignment]
src/vector/art_style_classifier.py:236: error: "None" has no attribute "to"  [attr-defined]
src/vector/art_style_classifier.py:239: error: Incompatible types in assignment (expression has type "AdamW", variable has type "None")  [assignment]
src/vector/art_style_classifier.py:240: error: "None" has no attribute "parameters"  [attr-defined]
src/vector/art_style_classifier.py:246: error: Incompatible types in assignment (expression has type "dict[str, CrossEntropyLoss]", variable has type "None")  [assignment]
src/vector/art_style_classifier.py:258: error: Function is missing a type annotation  [no-untyped-def]
src/vector/art_style_classifier.py:269: error: Call to untyped function "_create_auxiliary_vocabularies" in typed context  [no-untyped-call]
src/vector/art_style_classifier.py:299: error: Function is missing a type annotation  [no-untyped-def]
src/vector/art_style_classifier.py:398: error: Missing type parameters for generic type "DataLoader"  [type-arg]
src/vector/art_style_classifier.py:516: error: Function is missing a return type annotation  [no-untyped-def]
src/vector/art_style_classifier.py:541: error: Function is missing a return type annotation  [no-untyped-def]
src/vector/art_style_classifier.py:563: error: Incompatible types in assignment (expression has type "ArtStyleClassifierModel", variable has type "None")  [assignment]
src/vector/art_style_classifier.py:571: error: "None" has no attribute "studio_classifier"  [attr-defined]
src/vector/art_style_classifier.py:572: error: "None" has no attribute "era_classifier"  [attr-defined]
src/vector/art_style_classifier.py:575: error: "None" has no attribute "load_state_dict"  [attr-defined]
src/vector/art_style_classifier.py:576: error: "None" has no attribute "to"  [attr-defined]
src/vector/art_style_classifier.py:579: error: Incompatible types in assignment (expression has type "AdamW", variable has type "None")  [assignment]
src/vector/art_style_classifier.py:580: error: "None" has no attribute "parameters"  [attr-defined]
src/vector/art_style_classifier.py:584: error: "None" has no attribute "load_state_dict"  [attr-defined]
src/vector/text_processor.py:41: error: Need type annotation for "model_info" (hint: "model_info: dict[<type>, <type>] = ...")  [var-annotated]
src/vector/text_processor.py:44: error: Call to untyped function "_init_models" in typed context  [no-untyped-call]
src/vector/text_processor.py:49: error: Function is missing a return type annotation  [no-untyped-def]
src/vector/text_processor.py:49: note: Use "-> None" if function does not return a value
src/vector/text_processor.py:53: error: Incompatible types in assignment (expression has type "dict[Any, Any]", variable has type "None")  [assignment]
src/vector/text_processor.py:57: error: Call to untyped function "_warm_up_model" in typed context  [no-untyped-call]
src/vector/text_processor.py:65: error: Missing type parameters for generic type "Dict"  [type-arg]
src/vector/text_processor.py:84: error: Missing type parameters for generic type "Dict"  [type-arg]
src/vector/text_processor.py:101: error: Argument 1 to "TextEmbedding" has incompatible type "**dict[str, str]"; expected "int | None"  [arg-type]
src/vector/text_processor.py:101: error: Argument 1 to "TextEmbedding" has incompatible type "**dict[str, str]"; expected "bool"  [arg-type]
src/vector/text_processor.py:101: error: Argument 1 to "TextEmbedding" has incompatible type "**dict[str, str]"; expected "list[int] | None"  [arg-type]
src/vector/text_processor.py:120: error: Missing type parameters for generic type "Dict"  [type-arg]
src/vector/text_processor.py:135: error: Call to untyped function "from_pretrained" of "AutoTokenizer" in typed context  [no-untyped-call]
src/vector/text_processor.py:164: error: Missing type parameters for generic type "Dict"  [type-arg]
src/vector/text_processor.py:262: error: Function is missing a return type annotation  [no-untyped-def]
src/vector/text_processor.py:262: note: Use "-> None" if function does not return a value
src/vector/text_processor.py:266: error: Argument 2 to "_encode_text_with_model" of "TextProcessor" has incompatible type "None"; expected "dict[Any, Any]"  [arg-type]
src/vector/text_processor.py:287: error: Argument 2 to "_encode_text_with_model" of "TextProcessor" has incompatible type "None"; expected "dict[Any, Any]"  [arg-type]
src/vector/text_processor.py:294: error: Missing type parameters for generic type "Dict"  [type-arg]
src/vector/text_processor.py:321: error: Missing type parameters for generic type "Dict"  [type-arg]
src/vector/text_processor.py:337: error: Returning Any from function declared to return "list[float] | None"  [no-any-return]
src/vector/text_processor.py:345: error: Missing type parameters for generic type "Dict"  [type-arg]
src/vector/text_processor.py:385: error: Returning Any from function declared to return "list[float] | None"  [no-any-return]
src/vector/text_processor.py:391: error: Missing type parameters for generic type "Dict"  [type-arg]
src/vector/text_processor.py:406: error: Returning Any from function declared to return "list[float] | None"  [no-any-return]
src/vector/text_processor.py:436: error: "None" has no attribute "get"  [attr-defined]
src/vector/text_processor.py:463: error: Missing type parameters for generic type "Dict"  [type-arg]
src/vector/text_processor.py:496: error: Incompatible types in assignment (expression has type "dict[Any, Any]", variable has type "None")  [assignment]
src/vector/text_processor.py:515: error: "Settings" has no attribute "bge_enable_multilingual"  [attr-defined]
src/vector/text_processor.py:552: error: Function is missing a return type annotation  [no-untyped-def]
src/vector/text_processor.py:556: error: Incompatible types in assignment (expression has type "AnimeFieldMapper", variable has type "None")  [assignment]
src/vector/text_processor.py:570: error: Call to untyped function "_get_field_mapper" in typed context  [no-untyped-call]
src/vector/text_processor.py:663: error: Call to untyped function "_get_field_mapper" in typed context  [no-untyped-call]
src/vector/embedding_manager.py:203: error: Unsupported target for indexed assignment ("object")  [index]
src/vector/embedding_manager.py:275: error: Incompatible types in assignment (expression has type "dict[str, int]", target has type "str | float | list[Any] | int | None")  [assignment]
src/vector/embedding_manager.py:317: error: Argument 1 to "append" of "list" has incompatible type "dict[str, Any] | BaseException"; expected "dict[str, dict[str, object]]"  [arg-type]
src/vector/embedding_manager.py:356: error: "object" has no attribute "append"  [attr-defined]
src/vector/embedding_manager.py:366: error: "object" has no attribute "append"  [attr-defined]
src/vector/embedding_manager.py:375: error: "object" has no attribute "append"  [attr-defined]
src/vector/embedding_manager.py:381: error: Unsupported target for indexed assignment ("object")  [index]
src/vector/embedding_manager.py:399: error: "object" has no attribute "append"  [attr-defined]
src/vector/character_recognition.py:56: error: Returning Any from function declared to return "Tensor"  [no-any-return]
src/vector/character_recognition.py:184: error: Need type annotation for "character_vocab" (hint: "character_vocab: dict[<type>, <type>] = ...")  [var-annotated]
src/vector/character_recognition.py:189: error: Function is missing a return type annotation  [no-untyped-def]
src/vector/character_recognition.py:212: error: Incompatible types in assignment (expression has type "MultimodalCharacterRecognizer", variable has type "None")  [assignment]
src/vector/character_recognition.py:221: error: "None" has no attribute "to"  [attr-defined]
src/vector/character_recognition.py:224: error: Incompatible types in assignment (expression has type "AdamW", variable has type "None")  [assignment]
src/vector/character_recognition.py:225: error: "None" has no attribute "parameters"  [attr-defined]
src/vector/character_recognition.py:231: error: Incompatible types in assignment (expression has type "BCEWithLogitsLoss", variable has type "None")  [assignment]
src/vector/character_recognition.py:239: error: Function is missing a type annotation  [no-untyped-def]
src/vector/character_recognition.py:319: error: Missing type parameters for generic type "DataLoader"  [type-arg]
src/vector/character_recognition.py:481: error: Function is missing a return type annotation  [no-untyped-def]
src/vector/character_recognition.py:504: error: Function is missing a return type annotation  [no-untyped-def]
src/vector/character_recognition.py:524: error: Incompatible types in assignment (expression has type "MultimodalCharacterRecognizer", variable has type "None")  [assignment]
src/vector/character_recognition.py:533: error: "None" has no attribute "load_state_dict"  [attr-defined]
src/vector/character_recognition.py:534: error: "None" has no attribute "to"  [attr-defined]
src/vector/character_recognition.py:537: error: Incompatible types in assignment (expression has type "AdamW", variable has type "None")  [assignment]
src/vector/character_recognition.py:538: error: "None" has no attribute "parameters"  [attr-defined]
src/vector/character_recognition.py:542: error: "None" has no attribute "load_state_dict"  [attr-defined]
src/vector/anime_dataset.py:39: error: Incompatible types in assignment (expression has type "None", variable has type "list[str]")  [assignment]
src/vector/anime_dataset.py:40: error: Incompatible types in assignment (expression has type "None", variable has type "str")  [assignment]
src/vector/anime_dataset.py:41: error: Incompatible types in assignment (expression has type "None", variable has type "list[str]")  [assignment]
src/vector/anime_dataset.py:44: error: Incompatible types in assignment (expression has type "None", variable has type "str")  [assignment]
src/vector/anime_dataset.py:45: error: Incompatible types in assignment (expression has type "None", variable has type "int")  [assignment]
src/vector/anime_dataset.py:46: error: Incompatible types in assignment (expression has type "None", variable has type "str")  [assignment]
src/vector/anime_dataset.py:47: error: Incompatible types in assignment (expression has type "None", variable has type "list[str]")  [assignment]
src/vector/anime_dataset.py:50: error: Missing type parameters for generic type "Dataset"  [type-arg]
src/vector/anime_dataset.py:154: error: Argument "year" to "DataSample" has incompatible type "int | None"; expected "int"  [arg-type]
src/vector/anime_dataset.py:174: error: Need type annotation for "augmented_samples" (hint: "augmented_samples: list[<type>] = ...")  [var-annotated]
src/vector/anime_dataset.py:225: error: Returning Any from function declared to return "str"  [no-any-return]
src/vector/anime_dataset.py:284: error: Returning Any from function declared to return "str | None"  [no-any-return]
src/vector/anime_dataset.py:409: error: Returning Any from function declared to return "int | None"  [no-any-return]
src/vector/anime_dataset.py:428: error: Returning Any from function declared to return "str"  [no-any-return]
src/vector/anime_dataset.py:445: error: Returning Any from function declared to return "str"  [no-any-return]
src/vector/anime_dataset.py:462: error: Returning Any from function declared to return "str"  [no-any-return]
src/vector/anime_dataset.py:479: error: Returning Any from function declared to return "str"  [no-any-return]
src/vector/anime_dataset.py:612: error: Need type annotation for "character_counts"  [var-annotated]
src/vector/anime_dataset.py:613: error: Need type annotation for "art_style_counts"  [var-annotated]
src/vector/anime_dataset.py:614: error: Need type annotation for "genre_counts"  [var-annotated]
src/vector/qdrant_client.py:91: error: Call to untyped function "_init_processors" in typed context  [no-untyped-call]
src/vector/qdrant_client.py:94: error: Call to untyped function "_initialize_collection" in typed context  [no-untyped-call]
src/vector/qdrant_client.py:96: error: Function is missing a return type annotation  [no-untyped-def]
src/vector/qdrant_client.py:96: note: Use "-> None" if function does not return a value
src/vector/qdrant_client.py:125: error: Function is missing a return type annotation  [no-untyped-def]
src/vector/qdrant_client.py:125: note: Use "-> None" if function does not return a value
src/vector/qdrant_client.py:161: error: Call to untyped function "_setup_payload_indexing" in typed context  [no-untyped-call]
src/vector/qdrant_client.py:217: error: Function is missing a return type annotation  [no-untyped-def]
src/vector/qdrant_client.py:297: error: Returning Any from function declared to return "str"  [no-any-return]
src/vector/qdrant_client.py:303: error: Unexpected keyword argument "memmap_threshold_kb" for "OptimizersConfigDiff"; did you mean "memmap_threshold"?  [call-arg]
src/vector/qdrant_client.py:676: error: Missing type parameters for generic type "Dict"  [type-arg]
.venv/lib/python3.12/site-packages/qdrant_client/http/models/models.py: note: "OptimizersConfigDiff" defined here
src/vector/qdrant_client.py:322: error: Unexpected keyword argument "always_ram" for "BinaryQuantization"  [call-arg]
.venv/lib/python3.12/site-packages/qdrant_client/http/models/models.py: note: "BinaryQuantization" defined here
src/vector/qdrant_client.py:325: error: Unexpected keyword argument "type" for "ScalarQuantization"  [call-arg]
.venv/lib/python3.12/site-packages/qdrant_client/http/models/models.py: note: "ScalarQuantization" defined here
src/vector/qdrant_client.py:325: error: Unexpected keyword argument "always_ram" for "ScalarQuantization"  [call-arg]
src/vector/qdrant_client.py:325: error: Incompatible types in assignment (expression has type "ScalarQuantization", variable has type "BinaryQuantization")  [assignment]
src/vector/qdrant_client.py:331: error: Unexpected keyword argument "compression" for "ProductQuantization"  [call-arg]
.venv/lib/python3.12/site-packages/qdrant_client/http/models/models.py: note: "ProductQuantization" defined here
src/vector/qdrant_client.py:331: error: Unexpected keyword argument "always_ram" for "ProductQuantization"  [call-arg]
src/vector/qdrant_client.py:331: error: Incompatible types in assignment (expression has type "ProductQuantization", variable has type "BinaryQuantization")  [assignment]
src/vector/qdrant_client.py:340: error: Returning Any from function declared to return "ScalarQuantization | ProductQuantization | BinaryQuantization | None"  [no-any-return]
src/vector/qdrant_client.py:340: error: "<typing special form>" not callable  [operator]
src/vector/qdrant_client.py:384: error: Function is missing a return type annotation  [no-untyped-def]
src/vector/qdrant_client.py:384: note: Use "-> None" if function does not return a value
src/vector/qdrant_client.py:645: error: Argument "vector" to "NamedVector" has incompatible type "list[float] | SparseVector | list[list[float]]"; expected "list[float]"  [arg-type]
src/vector/qdrant_client.py:666: error: Argument 1 to "dict" has incompatible type "dict[str, Any] | None"; expected "SupportsKeysAndGetItem[str, Any]"  [arg-type]
src/vector/qdrant_client.py:686: error: Incompatible return value type (got "None", expected "Filter")  [return-value]
src/vector/qdrant_client.py:724: error: Incompatible return value type (got "Filter | None", expected "Filter")  [return-value]
src/vector/qdrant_client.py:724: error: Argument "must" to "Filter" has incompatible type "list[FieldCondition]"; expected "list[FieldCondition | IsEmptyCondition | IsNullCondition | HasIdCondition | HasVectorCondition | NestedCondition | Filter] | FieldCondition | IsEmptyCondition | IsNullCondition | HasIdCondition | HasVectorCondition | NestedCondition | Filter | None"  [arg-type]
src/vector/qdrant_client.py:724: note: "list" is invariant -- see https://mypy.readthedocs.io/en/stable/common_issues.html#variance
src/vector/qdrant_client.py:724: note: Consider using "Sequence" instead, which is covariant
src/vector/qdrant_client.py:751: error: Argument 1 to "dict" has incompatible type "dict[str, Any] | None"; expected "SupportsKeysAndGetItem[str, Any]"  [arg-type]
src/vector/qdrant_client.py:784: error: "QdrantClient" has no attribute "_create_embedding"  [attr-defined]
src/vector/qdrant_client.py:809: error: Argument 1 to "dict" has incompatible type "dict[str, Any] | None"; expected "SupportsKeysAndGetItem[str, Any]"  [arg-type]
src/vector/qdrant_client.py:853: error: Call to untyped function "_initialize_collection" in typed context  [no-untyped-call]
src/vector/qdrant_client.py:979: error: Unpacked dict entry 6 has incompatible type "dict[str, Any] | None"; expected "SupportsKeysAndGetItem[str, Any]"  [dict-item]
src/vector/qdrant_client.py:1309: error: Argument "vector" to "NamedVector" has incompatible type "list[float] | SparseVector | list[list[float]]"; expected "list[float]"  [arg-type]
src/vector/qdrant_client.py:1320: error: Argument 1 to "dict" has incompatible type "dict[str, Any] | None"; expected "SupportsKeysAndGetItem[str, Any]"  [arg-type]
src/vector/anime_fine_tuning.py:88: error: Need type annotation for "training_stats" (hint: "training_stats: dict[<type>, <type>] = ...")  [var-annotated]
src/vector/anime_fine_tuning.py:143: error: Function is missing a return type annotation  [no-untyped-def]
src/vector/anime_fine_tuning.py:143: note: Use "-> None" if function does not return a value
src/vector/anime_fine_tuning.py:155: error: "type[TaskType]" has no attribute "IMAGE_CLASSIFICATION"  [attr-defined]
src/vector/anime_fine_tuning.py:186: error: Call to untyped function "setup_models_for_finetuning" in typed context  [no-untyped-call]
src/vector/anime_fine_tuning.py:203: error: "object" has no attribute "append"  [attr-defined]
src/vector/anime_fine_tuning.py:206: error: Unsupported operand types for < ("float" and "object")  [operator]
src/vector/anime_fine_tuning.py:217: error: Missing type parameters for generic type "DataLoader"  [type-arg]
src/vector/anime_fine_tuning.py:273: error: Function is missing a return type annotation  [no-untyped-def]
src/vector/anime_fine_tuning.py:293: error: Incompatible types in assignment (expression has type "Path", variable has type "None")  [assignment]
src/vector/anime_fine_tuning.py:338: error: Function is missing a return type annotation  [no-untyped-def]
src/vector/anime_fine_tuning.py:389: error: Argument 1 to "get_enhanced_embedding" of "CharacterRecognitionFinetuner" has incompatible type "list[float]"; expected "ndarray[tuple[Any, ...], dtype[Any]] | None"  [arg-type]
src/vector/anime_fine_tuning.py:389: error: Argument 2 to "get_enhanced_embedding" of "CharacterRecognitionFinetuner" has incompatible type "list[float] | None"; expected "ndarray[tuple[Any, ...], dtype[Any]] | None"  [arg-type]
src/vector/anime_fine_tuning.py:390: error: Argument 1 to "get_enhanced_embedding" of "GenreEnhancementFinetuner" has incompatible type "list[float]"; expected "ndarray[tuple[Any, ...], dtype[Any]]"  [arg-type]
src/vector/anime_fine_tuning.py:393: error: Argument 1 to "get_enhanced_embedding" of "ArtStyleClassifier" has incompatible type "list[float]"; expected "ndarray[tuple[Any, ...], dtype[Any]]"  [arg-type]
src/api/similarity.py:37: error: Function is missing a return type annotation  [no-untyped-def]
src/api/similarity.py:80: error: Function is missing a return type annotation  [no-untyped-def]
src/api/similarity.py:131: error: Function is missing a return type annotation  [no-untyped-def]
src/api/similarity.py:174: error: Function is missing a return type annotation  [no-untyped-def]
src/api/similarity.py:212: error: Name "similarity_type" is not defined  [name-defined]
src/api/similarity.py:217: error: Name "anime_ids" is not defined  [name-defined]
src/api/similarity.py:218: error: Name "similarity_type" is not defined  [name-defined]
src/api/search.py:51: error: Function is missing a return type annotation  [no-untyped-def]
src/api/search.py:66: error: "QdrantClient" has no attribute "search"  [attr-defined]
src/api/search.py:89: error: Function is missing a return type annotation  [no-untyped-def]
src/api/search.py:107: error: "QdrantClient" has no attribute "search_by_image"  [attr-defined]
src/api/search.py:130: error: Function is missing a return type annotation  [no-untyped-def]
src/api/search.py:144: error: "QdrantClient" has no attribute "search_multimodal"  [attr-defined]
src/api/search.py:170: error: Function is missing a return type annotation  [no-untyped-def]
src/api/admin.py:46: error: Function is missing a return type annotation  [no-untyped-def]
src/api/admin.py:86: error: Function is missing a return type annotation  [no-untyped-def]
src/api/admin.py:131: error: Function is missing a return type annotation  [no-untyped-def]
src/api/admin.py:160: error: Argument "documents" to "add_documents" of "QdrantClient" has incompatible type "list[dict[str, Any]]"; expected "list[AnimeEntry]"  [arg-type]
src/api/admin.py:184: error: Function is missing a return type annotation  [no-untyped-def]
src/api/admin.py:220: error: Function is missing a return type annotation  [no-untyped-def]
src/api/admin.py:253: error: Function is missing a return type annotation  [no-untyped-def]
src/main.py:34: error: Function is missing a return type annotation  [no-untyped-def]
src/main.py:79: error: Function is missing a return type annotation  [no-untyped-def]
src/main.py:82: error: Item "None" of "QdrantClient | None" has no attribute "health_check"  [union-attr]
src/main.py:103: error: Function is missing a return type annotation  [no-untyped-def]
Found 502 errors in 34 files (checked 44 source files)
